<?xml version="1.0" encoding="UTF-8"?>
<!-- Generated by org.testng.reporters.JUnitReportReporter -->
<testsuite ignored="0" hostname="VictorDell" failures="0" tests="1" name="CoolTesters.CursoSelenium.AppTest" time="0.010" errors="0" timestamp="12 sep. 2020 13:54:25 GMT" skipped="0">
  <testcase classname="CoolTesters.CursoSelenium.AppTest" name="shouldAnswerWithTrue" time="0.010"/>
</testsuite> <!-- CoolTesters.CursoSelenium.AppTest -->
